s12c_DS1722_s  Copyright (C) 2005-2006, micro dynamics GmbH
Freescale HC12-Assembler 
(c) Copyright Freescale 1987-2009

 Abs. Rel.   Loc    Obj. code   Source line
 ---- ----   ------ ---------   -----------
    1    1                      	include	"s12c_128.sfr"
  982    2                      	include	"s12c_DS1722_s.sfr"
 1037    3                      	title	"s12c_DS1722_s  Copyright (C) 2005-2006, micro dynamics GmbH"
 1038    4                      ;------------------------------------------------------------------------------
 1039    5                      ;Module:	s12c_DS1722_s.asm
 1040    6                      ;
 1041    7                      ;Copyright:	(C) 2005-2006, micro dynamics GmbH
 1042    8                      ;Author(s):	Michael Frank
 1043    9                      ;Update:	24.11.2006
 1044   10                      ;
 1045   11                      ;Description:	Funktionen für den Zugriff auf das serielle Digital-Thermometer
 1046   12                      ;		vom Typ DALLAS Semiconductor DS1722
 1047   13                      ;		Das Thermometer-Bauelement wird im 3-Wire Modus betrieben.
 1048   14                      ;		Das bedeutet, dass Daten vom Bauelement jeweils mit steigender
 1049   15                      ;		Flanke des SCLK-Taktes gelesen und mit dessen fallender Flanke
 1050   16                      ;		geschrieben werden.
 1051   17                      ;
 1052   18                      ;		SingleChip-Version ohne MSB-Businterface
 1053   19                      ;
 1054   20                      ;Folgende Bezeichner sind in s12c_DS1722_s.sfr zu definieren:
 1055   21                      ;
 1056   22                      ;Bits:		_MISO
 1057   23                      ;		_MOSI
 1058   24                      ;		_SCLK
 1059   25                      ;		_CE
 1060   26                      ;
 1061   27                      ;Ports:		MISO_DIR
 1062   28                      ;		MISO_PORT
 1063   29                      ;		MOSI_DIR
 1064   30                      ;		MOSI_PORT
 1065   31                      ;		SCLK_DIR
 1066   32                      ;		SCLK_PORT
 1067   33                      ;		CE_DIR
 1068   34                      ;		CE_PORT
 1069   35                      ;------------------------------------------------------------------------------
 1070   36                      ;Revision History:	Original Version  07.05
 1071   37                      ;
 1072   38                      ;24.11.2006
 1073   39                      ;08.11.2006	Anpassung an MC9S12C128
 1074   40                      ;------------------------------------------------------------------------------
 1075   41                      					;
 1076   42                      ;------------------------------------------------------------------------------
 1077   43                      ;Publics
 1078   44                      ;------------------------------------------------------------------------------
 1079   45                      					;
 1080   46                      	xdef	SDT_RESET		;Code
 1081   47                      	xdef	SDT_READ_CONFIG		;Code
 1082   48                      	xdef	SDT_READ_VALUE		;Code
 1083   49                      	xdef	SDT_WRITE_CONFIG	;Code
 1084   50                      					;
 1085   51                      ;------------------------------------------------------------------------------
 1086   52                      ;Variables and Constants
 1087   53                      ;------------------------------------------------------------------------------
 1088   54                      					;
 1089   55          0000 0000   CMD_READ_CONFIG:	equ	00h	;
 1090   56          0000 0001   CMD_READ_VALUE_LOW:	equ	01h	;
 1091   57          0000 0002   CMD_READ_VALUE_HIGH:	equ	02h	;
 1092   58          0000 0080   CMD_WRITE_CONFIG:	equ	80h	;
 1093   59                      					;
 1094   60                      					;
 1095   61                      .text:		section
 1096   62                      					;
 1097   63                      ;//////////////////////////////////////////////////////////////////////////////
 1098   64                      ;SREAD liest Daten seriell aus dem Digital-Thermometer.
 1099   65                      ;
 1100   66                      ;Die Taktfrequenz beträgt ca. 1,0 MHz bei 24,0 MHz Bustakt.
 1101   67                      ;Das Bauelement erlaubt maximal 5 MHz bei 2,65..5,5 V.
 1102   68                      ;
 1103   69                      ;Eingangsparameter:	R3		Anzahl zu übertragender bits
 1104   70                      ;Ausgangsparameter:	A		gelesene Daten, linksbündig
 1105   71                      ;veränderte Register:	CCR
 1106   72                      ;//////////////////////////////////////////////////////////////////////////////
 1107   73                      					;
 1108   74                      SREAD:
 1109   75   000000 86FF        	LDAA	#0FFh			;Ergebnis fegen
 1110   76                      					;
 1111   77                      SREAD1:
 1112   78   000002 1D02 5020   	BCLR	SCLK_PORT,_SCLK		;Takt auf '0' zur Übernahme des bits
 1113   79   000006 A7          	NOP				;
 1114   80   000007 A7          	NOP				;
 1115   81   000008 A7          	NOP				;warten, bis bit gültig ist
 1116   82   000009 A7          	NOP				;
 1117   83   00000A A7          	NOP				;
 1118   84   00000B A7          	NOP				;
s12c_DS1722_s  Copyright (C) 2005-2006, micro dynamics GmbH
Freescale HC12-Assembler 
(c) Copyright Freescale 1987-2009

 Abs. Rel.   Loc    Obj. code   Source line
 ---- ----   ------ ---------   -----------
 1119   85   00000C 44          	LSRA				;Daten um ein bit nach rechts schieben
 1120   86   00000D 1F02 5004   	BRCLR	MISO_PORT,_MISO,SREAD2	;wenn bit gesetzt
             000011 04         
 1121   87   000012 8A80        	ORAA	#10000000b		;dann '1' in gelesene Daten eintragen
 1122   88   000014 2002        	BRA	SREAD3			;
 1123   89                      SREAD2:
 1124   90   000016 847F        	ANDA	#01111111b		;sonst '0' in gelesene Daten eintragen
 1125   91                      SREAD3:
 1126   92   000018 1C02 5020   	BSET	SCLK_PORT,_SCLK		;Takt auf '1'
 1127   93   00001C 7310 03     	DEC	R3			;
 1128   94   00001F 26E1        	BNE	SREAD1			;
 1129   95   000021 3D          	RTS				;
 1130   96                      					;
 1131   97                      ;//////////////////////////////////////////////////////////////////////////////
 1132   98                      ;SWRITE schreibt Daten seriell in das Digital-Thermometer.
 1133   99                      ;
 1134  100                      ;Die Taktfrequenz beträgt ca. 1,0 MHz bei 24,0 MHz Bustakt.
 1135  101                      ;Das Bauelement erlaubt maximal 5 MHz bei 2,65..5,5 V.
 1136  102                      ;
 1137  103                      ;Eingangsparameter:	R3		Anzahl zu übertragender bits
 1138  104                      ;			A		zu schreibende Daten, rechtsbündig
 1139  105                      ;Ausgangsparameter:	keine
 1140  106                      ;veränderte Register:	CCR
 1141  107                      ;//////////////////////////////////////////////////////////////////////////////
 1142  108                      					;
 1143  109                      SWRITE:
 1144  110   000022 44          	LSRA				;Datenbit ins CARRY-Flag schieben
 1145  111   000023 1D02 5020   	BCLR	SCLK_PORT,_SCLK		;Takt auf '0'
 1146  112   000027 2406        	BCC	SWRITE1			;wenn CARRY
 1147  113   000029 1C02 5010   	BSET	MOSI_PORT,_MOSI		;dann Sendeleitung auf '1'
 1148  114   00002D 2005        	BRA	SWRITE2			;
 1149  115                      SWRITE1:
 1150  116   00002F 1D02 5010   	BCLR	MOSI_PORT,_MOSI		;sonst Sendeleitung auf '0'
 1151  117   000033 A7          	NOP				;
 1152  118                      SWRITE2:
 1153  119   000034 1C02 5020   	BSET	SCLK_PORT,_SCLK		;Takt auf '1' zur Übernahme des bits
 1154  120   000038 7310 03     	DEC	R3			;
 1155  121   00003B 26E5        	BNE	SWRITE			;
 1156  122   00003D 3D          	RTS				;
 1157  123                      					;
 1158  124                      ;------------------------------------------------------------------------------
 1159  125                      ;SUBMIT_COMMAND übergibt ein Kommando an das Digital-Thermometer.
 1160  126                      ;
 1161  127                      ;Eingangsparameter:	A		Kommando rechtsbündig
 1162  128                      ;Ausgangsparameter:	keine
 1163  129                      ;veränderte Register:	CCR, R3
 1164  130                      ;------------------------------------------------------------------------------
 1165  131                      					;
 1166  132                      SUBMIT_COMMAND:
 1167  133   00003E 180B 0810   	MOVB	#8,R3			;
             000042 03         
 1168  134   000043 16xx xx     	JSR	SWRITE			;
 1169  135   000046 3D          	RTS				;
 1170  136                      					;
 1171  137                      ;------------------------------------------------------------------------------
 1172  138                      ;SEND_DATA übergibt ein Datenbyte an das Digital-Thermometer.
 1173  139                      ;
 1174  140                      ;Eingangsparameter:	A		Datenwort
 1175  141                      ;Ausgangsparameter:	keine
 1176  142                      ;veränderte Register:	CCR, R3
 1177  143                      ;------------------------------------------------------------------------------
 1178  144                      					;
 1179  145                      SEND_DATA:
 1180  146   000047 180B 0810   	MOVB	#8,R3			;
             00004B 03         
 1181  147   00004C 16xx xx     	JSR	SWRITE			;
 1182  148   00004F 3D          	RTS				;
 1183  149                      					;
 1184  150                      ;------------------------------------------------------------------------------
 1185  151                      ;RECEIVE_DATA liest ein Datenbyte aus dem Digital-Thermometer.
 1186  152                      ;
 1187  153                      ;Eingangsparameter:	keine
 1188  154                      ;Ausgangsparameter:	A		Datenwort
 1189  155                      ;veränderte Register:	CCR, R3
 1190  156                      ;------------------------------------------------------------------------------
 1191  157                      					;
 1192  158                      RECEIVE_DATA:
 1193  159   000050 180B 0810   	MOVB	#8,R3			;
             000054 03         
 1194  160   000055 16xx xx     	JSR	SREAD			;
 1195  161   000058 3D          	RTS				;
 1196  162                      					;
 1197  163                      ;//////////////////////////////////////////////////////////////////////////////
 1198  164                      ;Public: SDT_RESET bringt Daten- und Taktleitungen in Grundstellung.
s12c_DS1722_s  Copyright (C) 2005-2006, micro dynamics GmbH
Freescale HC12-Assembler 
(c) Copyright Freescale 1987-2009

 Abs. Rel.   Loc    Obj. code   Source line
 ---- ----   ------ ---------   -----------
 1199  165                      ;
 1200  166                      ;Eingangsparameter:	keine
 1201  167                      ;Ausgangsparameter:	keine
 1202  168                      ;veränderte Register:	CCR
 1203  169                      ;//////////////////////////////////////////////////////////////////////////////
 1204  170                      					;
 1205  171                      SDT_RESET:
 1206  172   000059 1C02 5208   	BSET	CE_DIR,_CE		;CE-Pin auf Ausgang schalten
 1207  173   00005D 1D02 5008   	BCLR	CE_PORT,_CE		;CE:		Out= 0
 1208  174                      					;
 1209  175   000061 1C02 5220   	BSET	SCLK_DIR,_SCLK		;SCLK-Pin auf Ausgang schalten
 1210  176   000065 1D02 5020   	BCLR	SCLK_PORT,_SCLK		;SCLK:		Out= 0
 1211  177   000069 1C02 5210   	BSET	MOSI_DIR,_MOSI		;MOSI-Pin auf Ausgang schalten
 1212  178   00006D 1D02 5010   	BCLR	MOSI_PORT,_MOSI		;MOSI:		Out= 0
 1213  179   000071 1D02 5204   	BCLR	MISO_DIR,_MISO		;MISO-Pin auf Eingang schalten
 1214  180                      					;MISO:		In
 1215  181   000075 3D          	RTS				;
 1216  182                      					;
 1217  183                      ;//////////////////////////////////////////////////////////////////////////////
 1218  184                      ;Public: SDT_READ_CONFIG liest die Konfigurationdaten aus dem Thermometer.
 1219  185                      ;
 1220  186                      ;Eingangsparameter:	keine
 1221  187                      ;Ausgangsparameter:	R0		Byte mit aktuellen Konfigurationsdaten
 1222  188                      ;veränderte Register:	CCR, A, R3
 1223  189                      ;//////////////////////////////////////////////////////////////////////////////
 1224  190                      					;
 1225  191                      SDT_READ_CONFIG:
 1226  192   000076 8600        	LDAA	#CMD_READ_CONFIG	;
 1227  193   000078 1C02 5008   	BSET	CE_PORT,_CE		;Bauteil selektieren
 1228  194   00007C 16xx xx     	JSR	SUBMIT_COMMAND		;
 1229  195   00007F 16xx xx     	JSR	RECEIVE_DATA		;Datenbyte lesen
 1230  196   000082 7A10 00     	STAA	R0			;
 1231  197   000085 1D02 5008   	BCLR	CE_PORT,_CE		;Bauteil deaktivieren
 1232  198   000089 3D          	RTS				;
 1233  199                      					;
 1234  200                      ;//////////////////////////////////////////////////////////////////////////////
 1235  201                      ;Public: SDT_READ_VALUE liest den aktuellen Messwert aus dem Thermometer.
 1236  202                      ;
 1237  203                      ;Eingangsparameter:	keine
 1238  204                      ;Ausgangsparameter:	R0/R1		Datenwort
 1239  205                      ;veränderte Register:	CCR, A, R3
 1240  206                      ;//////////////////////////////////////////////////////////////////////////////
 1241  207                      					;
 1242  208                      SDT_READ_VALUE:
 1243  209   00008A 8601        	LDAA	#CMD_READ_VALUE_LOW	;
 1244  210   00008C 1C02 5008   	BSET	CE_PORT,_CE		;Bauteil selektieren
 1245  211   000090 16xx xx     	JSR	SUBMIT_COMMAND		;
 1246  212   000093 16xx xx     	JSR	RECEIVE_DATA		;Datenbyte lesen
 1247  213   000096 7A10 01     	STAA	R1			;
 1248  214   000099 1D02 5008   	BCLR	CE_PORT,_CE		;Bauteil deaktivieren
 1249  215                      					;
 1250  216   00009D 8602        	LDAA	#CMD_READ_VALUE_HIGH	;
 1251  217   00009F 1C02 5008   	BSET	CE_PORT,_CE		;Bauteil selektieren
 1252  218   0000A3 16xx xx     	JSR	SUBMIT_COMMAND		;
 1253  219   0000A6 16xx xx     	JSR	RECEIVE_DATA		;Datenbyte lesen
 1254  220   0000A9 7A10 00     	STAA	R0			;
 1255  221   0000AC 1D02 5008   	BCLR	CE_PORT,_CE		;Bauteil deaktivieren
 1256  222   0000B0 3D          	RTS				;
 1257  223                      					;
 1258  224                      ;//////////////////////////////////////////////////////////////////////////////
 1259  225                      ;Public: SDT_WRITE_CONFIG schreibt neue Konfigurationsdaten in das Thermometer.
 1260  226                      ;
 1261  227                      ;Eingangsparameter:	R0		Byte mit neuen Konfigurationsdaten
 1262  228                      ;Ausgangsparameter:	keine
 1263  229                      ;veränderte Register:	CCR, A, R3
 1264  230                      ;//////////////////////////////////////////////////////////////////////////////
 1265  231                      					;
 1266  232                      SDT_WRITE_CONFIG:
 1267  233   0000B1 8680        	LDAA	#CMD_WRITE_CONFIG	;
 1268  234   0000B3 1C02 5008   	BSET	CE_PORT,_CE		;Bauteil selektieren
 1269  235   0000B7 16xx xx     	JSR	SUBMIT_COMMAND		;
 1270  236   0000BA B610 00     	LDAA	R0			;
 1271  237   0000BD 16xx xx     	JSR	SEND_DATA		;Konfigurationsdaten übertragen
 1272  238   0000C0 1D02 5008   	BCLR	CE_PORT,_CE		;Bauteil deaktivieren
 1273  239   0000C4 3D          	RTS				;
 1274  240                      					;
 1275  241   0000C5 FFFF FFFF   	dcb.b	6, 0FFh			;
             0000C9 FFFF       
 1276  242   0000CB 3F          	SWI				;
 1277  243                      					;
 1278  244                      ;------------------------------------------------------------------------------
